0 info it worked if it ends with ok
1 verbose cli [ '/usr/bin/node', '/usr/bin/npm', 'install', 'angular-storage' ]
2 info using npm@1.4.28
3 info using node@v0.10.37
4 verbose node symlink /usr/bin/node
5 warn package.json chat@1.0.0 No repository field.
6 warn package.json chat@1.0.0 No README data
7 verbose readDependencies using package.json deps
8 verbose cache add [ 'angular-storage', null ]
9 verbose cache add name=undefined spec="angular-storage" args=["angular-storage",null]
10 verbose parsed url { protocol: null,
10 verbose parsed url   slashes: null,
10 verbose parsed url   auth: null,
10 verbose parsed url   host: null,
10 verbose parsed url   port: null,
10 verbose parsed url   hostname: null,
10 verbose parsed url   hash: null,
10 verbose parsed url   search: null,
10 verbose parsed url   query: null,
10 verbose parsed url   pathname: 'angular-storage',
10 verbose parsed url   path: 'angular-storage',
10 verbose parsed url   href: 'angular-storage' }
11 silly lockFile 874bdd1a-angular-storage angular-storage
12 verbose lock angular-storage /root/.npm/874bdd1a-angular-storage.lock
13 silly lockFile 874bdd1a-angular-storage angular-storage
14 silly lockFile 874bdd1a-angular-storage angular-storage
15 verbose addNamed [ 'angular-storage', '' ]
16 verbose addNamed [ null, '*' ]
17 silly lockFile 99449f77-angular-storage angular-storage@
18 verbose lock angular-storage@ /root/.npm/99449f77-angular-storage.lock
19 silly addNameRange { name: 'angular-storage', range: '*', hasData: false }
20 verbose request where is /angular-storage
21 verbose request registry https://registry.npmjs.org/
22 verbose request id 9af0b0a89adb3da4
23 verbose url raw /angular-storage
24 verbose url resolving [ 'https://registry.npmjs.org/', './angular-storage' ]
25 verbose url resolved https://registry.npmjs.org/angular-storage
26 verbose request where is https://registry.npmjs.org/angular-storage
27 info trying registry request attempt 1 at 11:10:16
28 http GET https://registry.npmjs.org/angular-storage
29 info retry will retry, error on last attempt: Error: tunneling socket could not be established, cause=139662147098496:error:140770FC:SSL routines:SSL23_GET_SERVER_HELLO:unknown protocol:../deps/openssl/openssl/ssl/s23_clnt.c:795:
30 info trying registry request attempt 2 at 11:10:29
31 http GET https://registry.npmjs.org/angular-storage
32 info retry will retry, error on last attempt: Error: tunneling socket could not be established, cause=139662147098496:error:140770FC:SSL routines:SSL23_GET_SERVER_HELLO:unknown protocol:../deps/openssl/openssl/ssl/s23_clnt.c:795:
33 info trying registry request attempt 3 at 11:11:30
34 http GET https://registry.npmjs.org/angular-storage
35 silly lockFile 99449f77-angular-storage angular-storage@
36 silly lockFile 99449f77-angular-storage angular-storage@
37 error network tunneling socket could not be established, cause=139662147098496:error:140770FC:SSL routines:SSL23_GET_SERVER_HELLO:unknown protocol:../deps/openssl/openssl/ssl/s23_clnt.c:795:
37 error network
37 error network This is most likely not a problem with npm itself
37 error network and is related to network connectivity.
37 error network In most cases you are behind a proxy or have bad network settings.
37 error network
37 error network If you are behind a proxy, please make sure that the
37 error network 'proxy' config is set properly.  See: 'npm help config'
38 error System Linux 3.13.0-46-generic
39 error command "/usr/bin/node" "/usr/bin/npm" "install" "angular-storage"
40 error cwd /home/josefzapataz/Escritorio/Seminario/Qber/chat
41 error node -v v0.10.37
42 error npm -v 1.4.28
43 error code ECONNRESET
44 verbose exit [ 1, true ]
